Thu Aug 27 04:01:28 2020: Taskmasterd is now running
Thu Aug 27 04:01:33 2020: Taskmasterd is logging out
Fri Aug 28 01:21:13 2020: Taskmasterd is now running.
Fri Aug 28 01:21:13 2020: Taskmasterd is logging out.
Fri Aug 28 01:37:53 2020: Taskmasterd is now running.
Fri Aug 28 01:37:53 2020: Taskmasterd is logging out.
Fri Aug 28 01:40:22 2020: Taskmasterd is now running.
Fri Aug 28 01:40:22 2020: Taskmasterd is logging out.
Fri Aug 28 01:40:48 2020: Taskmasterd is now running.
Fri Aug 28 01:40:48 2020: Taskmasterd is logging out.
Fri Aug 28 01:40:49 2020: Taskmasterd is now running.
Fri Aug 28 01:40:49 2020: Taskmasterd is logging out.
Fri Aug 28 01:40:50 2020: Taskmasterd is now running.
Fri Aug 28 01:40:50 2020: Taskmasterd is logging out.
Fri Aug 28 01:40:51 2020: Taskmasterd is now running.
Fri Aug 28 01:40:51 2020: Taskmasterd is logging out.
Fri Aug 28 01:40:52 2020: Taskmasterd is now running.
Fri Aug 28 01:40:52 2020: Taskmasterd is logging out.
Fri Aug 28 01:40:53 2020: Taskmasterd is now running.
Fri Aug 28 01:40:53 2020: Taskmasterd is logging out.
Fri Aug 28 01:40:53 2020: Taskmasterd is now running.
Fri Aug 28 01:40:53 2020: Taskmasterd is logging out.
Fri Aug 28 01:40:54 2020: Taskmasterd is now running.
Fri Aug 28 01:40:54 2020: Taskmasterd is logging out.
Fri Aug 28 01:42:17 2020: Taskmasterd is now running.
Fri Aug 28 01:42:17 2020: Taskmasterd is logging out.
Fri Aug 28 02:00:16 2020: Taskmasterd is now running.
Fri Aug 28 02:00:16 2020: Taskmasterd is logging out.
Fri Aug 28 02:08:46 2020: Taskmasterd is now running.
Fri Aug 28 02:08:46 2020: No such file or directory
Fri Aug 28 02:09:38 2020: Taskmasterd is now running.
Fri Aug 28 02:09:38 2020: BINDING
Fri Aug 28 02:09:38 2020: No such file or directory
Fri Aug 28 02:12:10 2020: Taskmasterd is now running.
Fri Aug 28 02:12:10 2020: Taskmasterd is logging out.
Fri Aug 28 02:12:57 2020: Taskmasterd is now running.
Fri Aug 28 02:12:57 2020: Address already in use
Fri Aug 28 02:13:02 2020: Taskmasterd is now running.
Fri Aug 28 02:13:02 2020: Address already in use
Fri Aug 28 02:13:03 2020: Taskmasterd is now running.
Fri Aug 28 02:13:03 2020: Address already in use
Fri Aug 28 02:13:05 2020: Taskmasterd is now running.
Fri Aug 28 02:13:05 2020: Address already in use
Fri Aug 28 02:13:07 2020: Taskmasterd is now running.
Fri Aug 28 02:13:07 2020: Address already in use
Fri Aug 28 02:13:08 2020: Taskmasterd is now running.
Fri Aug 28 02:13:08 2020: Address already in use
Fri Aug 28 02:13:12 2020: Taskmasterd is now running.
Fri Aug 28 02:13:12 2020: Address already in use
Fri Aug 28 02:14:15 2020: Taskmasterd is now running.
Fri Aug 28 02:14:15 2020: Taskmasterd is logging out.
Fri Aug 28 02:14:49 2020: Taskmasterd is now running.
Fri Aug 28 02:14:49 2020: Address already in use
Fri Aug 28 02:17:39 2020: Taskmasterd is now running.
Fri Aug 28 02:17:39 2020: Address already in use
Fri Aug 28 02:24:31 2020: Taskmasterd is now running.
Fri Aug 28 02:24:31 2020: Address already in use
Fri Aug 28 02:29:50 2020: Taskmasterd is now running.
Fri Aug 28 02:29:50 2020: Address already in use
Fri Aug 28 02:29:56 2020: Taskmasterd is now running.
Fri Aug 28 02:29:56 2020: Taskmasterd is logging out.
Fri Aug 28 02:29:57 2020: Taskmasterd is now running.
Fri Aug 28 02:29:57 2020: Address already in use
Fri Aug 28 02:29:58 2020: Taskmasterd is now running.
Fri Aug 28 02:29:58 2020: Address already in use
Fri Aug 28 02:29:59 2020: Taskmasterd is now running.
Fri Aug 28 02:29:59 2020: Address already in use
Fri Aug 28 02:30:00 2020: Taskmasterd is now running.
Fri Aug 28 02:30:00 2020: Address already in use
Fri Aug 28 02:30:00 2020: Taskmasterd is now running.
Fri Aug 28 02:30:00 2020: Address already in use
Fri Aug 28 02:30:00 2020: Taskmasterd is now running.
Fri Aug 28 02:30:00 2020: Address already in use
Fri Aug 28 02:30:01 2020: Taskmasterd is now running.
Fri Aug 28 02:30:01 2020: Address already in use
Fri Aug 28 02:30:01 2020: Taskmasterd is now running.
Fri Aug 28 02:30:01 2020: Address already in use
Fri Aug 28 02:30:02 2020: Taskmasterd is now running.
Fri Aug 28 02:30:02 2020: Address already in use
Fri Aug 28 02:31:07 2020: Taskmasterd is now running.
Fri Aug 28 02:31:07 2020: Taskmasterd is logging out.
Fri Aug 28 02:31:08 2020: Taskmasterd is now running.
Fri Aug 28 02:31:08 2020: BIND
Fri Aug 28 02:31:08 2020: Address already in use
Fri Aug 28 02:31:09 2020: Taskmasterd is now running.
Fri Aug 28 02:31:09 2020: BIND
Fri Aug 28 02:31:09 2020: Address already in use
Fri Aug 28 02:31:09 2020: Taskmasterd is now running.
Fri Aug 28 02:31:09 2020: BIND
Fri Aug 28 02:31:09 2020: Address already in use
Fri Aug 28 02:31:10 2020: Taskmasterd is now running.
Fri Aug 28 02:31:10 2020: BIND
Fri Aug 28 02:31:10 2020: Address already in use
Fri Aug 28 02:31:11 2020: Taskmasterd is now running.
Fri Aug 28 02:31:11 2020: BIND
Fri Aug 28 02:31:11 2020: Address already in use
Fri Aug 28 02:31:11 2020: Taskmasterd is now running.
Fri Aug 28 02:31:11 2020: BIND
Fri Aug 28 02:31:11 2020: Address already in use
Fri Aug 28 02:31:11 2020: Taskmasterd is now running.
Fri Aug 28 02:31:11 2020: BIND
Fri Aug 28 02:31:11 2020: Address already in use
Fri Aug 28 02:31:11 2020: Taskmasterd is now running.
Fri Aug 28 02:31:11 2020: BIND
Fri Aug 28 02:31:11 2020: Address already in use
Fri Aug 28 02:31:11 2020: Taskmasterd is now running.
Fri Aug 28 02:31:11 2020: BIND
Fri Aug 28 02:31:11 2020: Address already in use
Fri Aug 28 02:31:12 2020: Taskmasterd is now running.
Fri Aug 28 02:31:12 2020: BIND
Fri Aug 28 02:31:12 2020: Address already in use
Fri Aug 28 02:31:12 2020: Taskmasterd is now running.
Fri Aug 28 02:31:12 2020: BIND
Fri Aug 28 02:31:12 2020: Address already in use
Fri Aug 28 02:31:12 2020: Taskmasterd is now running.
Fri Aug 28 02:31:12 2020: BIND
Fri Aug 28 02:31:12 2020: Address already in use
Fri Aug 28 02:31:13 2020: Taskmasterd is now running.
Fri Aug 28 02:31:13 2020: BIND
Fri Aug 28 02:31:13 2020: Address already in use
Fri Aug 28 02:33:53 2020: Taskmasterd is now running.
Fri Aug 28 02:33:53 2020: Taskmasterd is logging out.
Fri Aug 28 02:33:55 2020: Taskmasterd is now running.
Fri Aug 28 02:33:55 2020: BIND
Fri Aug 28 02:33:55 2020: Address already in use
Fri Aug 28 02:33:56 2020: Taskmasterd is now running.
Fri Aug 28 02:33:56 2020: BIND
Fri Aug 28 02:33:56 2020: Address already in use
Fri Aug 28 02:33:56 2020: Taskmasterd is now running.
Fri Aug 28 02:33:56 2020: BIND
Fri Aug 28 02:33:56 2020: Address already in use
Fri Aug 28 02:33:57 2020: Taskmasterd is now running.
Fri Aug 28 02:33:57 2020: BIND
Fri Aug 28 02:33:57 2020: Address already in use
Fri Aug 28 02:33:57 2020: Taskmasterd is now running.
Fri Aug 28 02:33:57 2020: BIND
Fri Aug 28 02:33:57 2020: Address already in use
Fri Aug 28 02:33:57 2020: Taskmasterd is now running.
Fri Aug 28 02:33:57 2020: BIND
Fri Aug 28 02:33:57 2020: Address already in use
Fri Aug 28 02:33:58 2020: Taskmasterd is now running.
Fri Aug 28 02:33:58 2020: BIND
Fri Aug 28 02:33:58 2020: Address already in use
Fri Aug 28 02:33:59 2020: Taskmasterd is now running.
Fri Aug 28 02:33:59 2020: BIND
Fri Aug 28 02:33:59 2020: Address already in use
Fri Aug 28 02:34:00 2020: Taskmasterd is now running.
Fri Aug 28 02:34:00 2020: BIND
Fri Aug 28 02:34:00 2020: Address already in use
Fri Aug 28 02:34:02 2020: Taskmasterd is now running.
Fri Aug 28 02:34:02 2020: BIND
Fri Aug 28 02:34:02 2020: Address already in use
Fri Aug 28 02:34:02 2020: Taskmasterd is now running.
Fri Aug 28 02:34:02 2020: BIND
Fri Aug 28 02:34:02 2020: Address already in use
Fri Aug 28 02:34:02 2020: Taskmasterd is now running.
Fri Aug 28 02:34:02 2020: BIND
Fri Aug 28 02:34:02 2020: Address already in use
Fri Aug 28 02:34:03 2020: Taskmasterd is now running.
Fri Aug 28 02:34:03 2020: BIND
Fri Aug 28 02:34:03 2020: Address already in use
Fri Aug 28 02:34:03 2020: Taskmasterd is now running.
Fri Aug 28 02:34:03 2020: BIND
Fri Aug 28 02:34:03 2020: Address already in use
Fri Aug 28 02:34:04 2020: Taskmasterd is now running.
Fri Aug 28 02:34:04 2020: BIND
Fri Aug 28 02:34:04 2020: Address already in use
Fri Aug 28 02:34:05 2020: Taskmasterd is now running.
Fri Aug 28 02:34:05 2020: BIND
Fri Aug 28 02:34:05 2020: Address already in use
Fri Aug 28 02:34:33 2020: Taskmasterd is now running.
Fri Aug 28 02:34:33 2020: Taskmasterd is logging out.
Fri Aug 28 02:34:34 2020: Taskmasterd is now running.
Fri Aug 28 02:34:34 2020: BIND
Fri Aug 28 02:34:34 2020: Address already in use
Fri Aug 28 02:34:35 2020: Taskmasterd is now running.
Fri Aug 28 02:34:35 2020: BIND
Fri Aug 28 02:34:35 2020: Address already in use
Fri Aug 28 02:34:35 2020: Taskmasterd is now running.
Fri Aug 28 02:34:35 2020: BIND
Fri Aug 28 02:34:35 2020: Address already in use
Fri Aug 28 02:34:35 2020: Taskmasterd is now running.
Fri Aug 28 02:34:35 2020: BIND
Fri Aug 28 02:34:35 2020: Address already in use
Fri Aug 28 02:34:36 2020: Taskmasterd is now running.
Fri Aug 28 02:34:36 2020: BIND
Fri Aug 28 02:34:36 2020: Address already in use
Fri Aug 28 02:34:36 2020: Taskmasterd is now running.
Fri Aug 28 02:34:36 2020: BIND
Fri Aug 28 02:34:36 2020: Address already in use
Fri Aug 28 02:34:36 2020: Taskmasterd is now running.
Fri Aug 28 02:34:36 2020: BIND
Fri Aug 28 02:34:36 2020: Address already in use
Fri Aug 28 02:34:37 2020: Taskmasterd is now running.
Fri Aug 28 02:34:37 2020: BIND
Fri Aug 28 02:34:37 2020: Address already in use
Fri Aug 28 02:34:37 2020: Taskmasterd is now running.
Fri Aug 28 02:34:37 2020: BIND
Fri Aug 28 02:34:37 2020: Address already in use
Fri Aug 28 02:34:38 2020: Taskmasterd is now running.
Fri Aug 28 02:34:38 2020: BIND
Fri Aug 28 02:34:38 2020: Address already in use
Fri Aug 28 02:41:13 2020: Taskmasterd is now running.
Fri Aug 28 02:41:13 2020: BIND
Fri Aug 28 02:41:13 2020: Unlinking existing socket
Fri Aug 28 02:41:13 2020: rebind socket failed
Fri Aug 28 02:41:18 2020: Taskmasterd is now running.
Fri Aug 28 02:41:18 2020: BIND
Fri Aug 28 02:41:18 2020: Unlinking existing socket
Fri Aug 28 02:41:18 2020: rebind socket failed
Fri Aug 28 02:41:19 2020: Taskmasterd is now running.
Fri Aug 28 02:41:19 2020: BIND
Fri Aug 28 02:41:19 2020: Unlinking existing socket
Fri Aug 28 02:41:19 2020: rebind socket failed
Fri Aug 28 02:41:19 2020: Taskmasterd is now running.
Fri Aug 28 02:41:19 2020: BIND
Fri Aug 28 02:41:19 2020: Unlinking existing socket
Fri Aug 28 02:41:19 2020: rebind socket failed
Fri Aug 28 02:41:20 2020: Taskmasterd is now running.
Fri Aug 28 02:41:20 2020: BIND
Fri Aug 28 02:41:20 2020: Unlinking existing socket
Fri Aug 28 02:41:20 2020: rebind socket failed
Fri Aug 28 02:41:22 2020: Taskmasterd is now running.
Fri Aug 28 02:41:22 2020: BIND
Fri Aug 28 02:41:22 2020: Unlinking existing socket
Fri Aug 28 02:41:22 2020: rebind socket failed
Fri Aug 28 02:41:29 2020: Taskmasterd is now running.
Fri Aug 28 02:41:29 2020: Taskmasterd is logging out.
Fri Aug 28 02:41:30 2020: Taskmasterd is now running.
Fri Aug 28 02:41:30 2020: BIND
Fri Aug 28 02:41:30 2020: Unlinking existing socket
Fri Aug 28 02:41:30 2020: rebind socket failed
Fri Aug 28 02:41:32 2020: Taskmasterd is now running.
Fri Aug 28 02:41:32 2020: BIND
Fri Aug 28 02:41:32 2020: Unlinking existing socket
Fri Aug 28 02:41:32 2020: rebind socket failed
Fri Aug 28 02:41:33 2020: Taskmasterd is now running.
Fri Aug 28 02:41:33 2020: BIND
Fri Aug 28 02:41:33 2020: Unlinking existing socket
Fri Aug 28 02:41:33 2020: rebind socket failed
Fri Aug 28 02:41:34 2020: Taskmasterd is now running.
Fri Aug 28 02:41:34 2020: BIND
Fri Aug 28 02:41:34 2020: Unlinking existing socket
Fri Aug 28 02:41:34 2020: rebind socket failed
Fri Aug 28 02:41:34 2020: Taskmasterd is now running.
Fri Aug 28 02:41:34 2020: BIND
Fri Aug 28 02:41:34 2020: Unlinking existing socket
Fri Aug 28 02:41:34 2020: rebind socket failed
Fri Aug 28 02:41:35 2020: Taskmasterd is now running.
Fri Aug 28 02:41:35 2020: BIND
Fri Aug 28 02:41:35 2020: Unlinking existing socket
Fri Aug 28 02:41:35 2020: rebind socket failed
Fri Aug 28 02:41:35 2020: Taskmasterd is now running.
Fri Aug 28 02:41:35 2020: BIND
Fri Aug 28 02:41:35 2020: Unlinking existing socket
Fri Aug 28 02:41:35 2020: rebind socket failed
Fri Aug 28 02:41:35 2020: Taskmasterd is now running.
Fri Aug 28 02:41:35 2020: BIND
Fri Aug 28 02:41:35 2020: Unlinking existing socket
Fri Aug 28 02:41:35 2020: rebind socket failed
Fri Aug 28 02:41:36 2020: Taskmasterd is now running.
Fri Aug 28 02:41:36 2020: BIND
Fri Aug 28 02:41:36 2020: Unlinking existing socket
Fri Aug 28 02:41:36 2020: rebind socket failed
Fri Aug 28 02:41:37 2020: Taskmasterd is now running.
Fri Aug 28 02:41:37 2020: BIND
Fri Aug 28 02:41:37 2020: Unlinking existing socket
Fri Aug 28 02:41:37 2020: rebind socket failed
Fri Aug 28 02:41:38 2020: Taskmasterd is now running.
Fri Aug 28 02:41:38 2020: BIND
Fri Aug 28 02:41:38 2020: Unlinking existing socket
Fri Aug 28 02:41:38 2020: rebind socket failed
Fri Aug 28 02:41:40 2020: Taskmasterd is now running.
Fri Aug 28 02:41:40 2020: BIND
Fri Aug 28 02:41:40 2020: Unlinking existing socket
Fri Aug 28 02:41:40 2020: rebind socket failed
Fri Aug 28 02:41:52 2020: Taskmasterd is now running.
Fri Aug 28 02:41:52 2020: BIND
Fri Aug 28 02:41:52 2020: Unlinking existing socket
Fri Aug 28 02:41:52 2020: rebind socket failed
Fri Aug 28 02:41:53 2020: Taskmasterd is now running.
Fri Aug 28 02:41:53 2020: BIND
Fri Aug 28 02:41:53 2020: Unlinking existing socket
Fri Aug 28 02:41:53 2020: rebind socket failed
Fri Aug 28 02:41:54 2020: Taskmasterd is now running.
Fri Aug 28 02:41:54 2020: BIND
Fri Aug 28 02:41:54 2020: Unlinking existing socket
Fri Aug 28 02:41:54 2020: rebind socket failed
Fri Aug 28 02:41:55 2020: Taskmasterd is now running.
Fri Aug 28 02:41:55 2020: BIND
Fri Aug 28 02:41:55 2020: Unlinking existing socket
Fri Aug 28 02:41:55 2020: rebind socket failed
Fri Aug 28 02:41:55 2020: Taskmasterd is now running.
Fri Aug 28 02:41:55 2020: BIND
Fri Aug 28 02:41:55 2020: Unlinking existing socket
Fri Aug 28 02:41:55 2020: rebind socket failed
Fri Aug 28 02:41:55 2020: Taskmasterd is now running.
Fri Aug 28 02:41:55 2020: BIND
Fri Aug 28 02:41:55 2020: Unlinking existing socket
Fri Aug 28 02:41:55 2020: rebind socket failed
Fri Aug 28 02:41:56 2020: Taskmasterd is now running.
Fri Aug 28 02:41:56 2020: BIND
Fri Aug 28 02:41:56 2020: Unlinking existing socket
Fri Aug 28 02:41:56 2020: rebind socket failed
Fri Aug 28 02:41:56 2020: Taskmasterd is now running.
Fri Aug 28 02:41:56 2020: BIND
Fri Aug 28 02:41:56 2020: Unlinking existing socket
Fri Aug 28 02:41:56 2020: rebind socket failed
Fri Aug 28 02:41:56 2020: Taskmasterd is now running.
Fri Aug 28 02:41:56 2020: BIND
Fri Aug 28 02:41:56 2020: Unlinking existing socket
Fri Aug 28 02:41:56 2020: rebind socket failed
Fri Aug 28 02:41:57 2020: Taskmasterd is now running.
Fri Aug 28 02:41:57 2020: BIND
Fri Aug 28 02:41:57 2020: Unlinking existing socket
Fri Aug 28 02:41:57 2020: rebind socket failed
Fri Aug 28 03:12:28 2020: Taskmasterd is now running.
Fri Aug 28 03:12:28 2020: Taskmasterd is logging out.
Fri Aug 28 03:12:29 2020: Taskmasterd is now running.
Fri Aug 28 03:12:29 2020: BIND
Fri Aug 28 03:12:29 2020: Unlinking existing socket
Fri Aug 28 03:12:29 2020: rebind socket failed
Fri Aug 28 03:12:31 2020: Taskmasterd is now running.
Fri Aug 28 03:12:31 2020: BIND
Fri Aug 28 03:12:31 2020: Unlinking existing socket
Fri Aug 28 03:12:31 2020: rebind socket failed
Fri Aug 28 03:12:31 2020: Taskmasterd is now running.
Fri Aug 28 03:12:31 2020: BIND
Fri Aug 28 03:12:31 2020: Unlinking existing socket
Fri Aug 28 03:12:31 2020: rebind socket failed
Fri Aug 28 03:12:33 2020: Taskmasterd is now running.
Fri Aug 28 03:12:33 2020: BIND
Fri Aug 28 03:12:33 2020: Unlinking existing socket
Fri Aug 28 03:12:33 2020: rebind socket failed
Fri Aug 28 03:12:34 2020: Taskmasterd is now running.
Fri Aug 28 03:12:34 2020: BIND
Fri Aug 28 03:12:34 2020: Unlinking existing socket
Fri Aug 28 03:12:34 2020: rebind socket failed
Fri Aug 28 03:12:34 2020: Taskmasterd is now running.
Fri Aug 28 03:12:34 2020: BIND
Fri Aug 28 03:12:34 2020: Unlinking existing socket
Fri Aug 28 03:12:34 2020: rebind socket failed
Fri Aug 28 03:12:35 2020: Taskmasterd is now running.
Fri Aug 28 03:12:35 2020: BIND
Fri Aug 28 03:12:35 2020: Unlinking existing socket
Fri Aug 28 03:12:35 2020: rebind socket failed
Fri Aug 28 03:12:35 2020: Taskmasterd is now running.
Fri Aug 28 03:12:35 2020: BIND
Fri Aug 28 03:12:35 2020: Unlinking existing socket
Fri Aug 28 03:12:35 2020: rebind socket failed
Fri Aug 28 03:12:35 2020: Taskmasterd is now running.
Fri Aug 28 03:12:35 2020: BIND
Fri Aug 28 03:12:35 2020: Unlinking existing socket
Fri Aug 28 03:12:35 2020: rebind socket failed
Fri Aug 28 03:16:28 2020: Taskmasterd is now running.
Fri Aug 28 03:16:28 2020: BIND
Fri Aug 28 03:16:28 2020: Unlinking existing socket
Fri Aug 28 03:16:28 2020: rebind socket failed
Fri Aug 28 03:16:30 2020: Taskmasterd is now running.
Fri Aug 28 03:16:30 2020: BIND
Fri Aug 28 03:16:30 2020: Unlinking existing socket
Fri Aug 28 03:16:30 2020: rebind socket failed
Fri Aug 28 03:16:30 2020: Taskmasterd is now running.
Fri Aug 28 03:16:30 2020: BIND
Fri Aug 28 03:16:30 2020: Unlinking existing socket
Fri Aug 28 03:16:30 2020: rebind socket failed
Fri Aug 28 03:17:03 2020: Taskmasterd is now running.
Fri Aug 28 03:17:03 2020: Socket is now up and running
Fri Aug 28 03:17:03 2020: Taskmasterd is logging out.
Fri Aug 28 03:17:09 2020: Taskmasterd is now running.
Fri Aug 28 03:17:09 2020: BIND
Fri Aug 28 03:17:09 2020: Unlinking existing socket
Fri Aug 28 03:17:09 2020: rebind socket failed
Fri Aug 28 03:17:10 2020: Taskmasterd is now running.
Fri Aug 28 03:17:10 2020: BIND
Fri Aug 28 03:17:10 2020: Unlinking existing socket
Fri Aug 28 03:17:10 2020: rebind socket failed
Tue Sep 15 14:56:39 2020: Taskmasterd is now running.
Tue Sep 15 14:56:39 2020: BIND
Tue Sep 15 14:56:39 2020: No such file or directory
Tue Sep 15 14:57:37 2020: Taskmasterd is now running.
Tue Sep 15 14:57:37 2020: BIND
Tue Sep 15 14:57:37 2020: No such file or directory
Tue Sep 15 14:57:38 2020: Taskmasterd is now running.
Tue Sep 15 14:57:38 2020: BIND
Tue Sep 15 14:57:38 2020: No such file or directory
Tue Sep 15 15:00:29 2020: Taskmasterd is now running.
Tue Sep 15 15:00:29 2020: BIND
Tue Sep 15 15:00:29 2020: No such file or directory
Tue Sep 15 15:00:49 2020: Taskmasterd is now running.
Tue Sep 15 15:00:49 2020: BIND
Tue Sep 15 15:00:49 2020: No such file or directory
Tue Sep 15 15:00:50 2020: Taskmasterd is now running.
Tue Sep 15 15:00:50 2020: BIND
Tue Sep 15 15:00:50 2020: No such file or directory
Tue Sep 15 15:00:51 2020: Taskmasterd is now running.
Tue Sep 15 15:00:51 2020: BIND
Tue Sep 15 15:00:51 2020: No such file or directory
Tue Sep 15 15:00:52 2020: Taskmasterd is now running.
Tue Sep 15 15:00:52 2020: BIND
Tue Sep 15 15:00:52 2020: No such file or directory
Tue Sep 15 15:01:02 2020: Taskmasterd is now running.
Tue Sep 15 15:01:02 2020: BIND
Tue Sep 15 15:01:02 2020: No such file or directory
Tue Sep 15 15:01:16 2020: Taskmasterd is now running.
Tue Sep 15 15:01:16 2020: BIND
Tue Sep 15 15:01:16 2020: No such file or directory
Tue Sep 15 15:01:17 2020: Taskmasterd is now running.
Tue Sep 15 15:01:17 2020: BIND
Tue Sep 15 15:01:17 2020: No such file or directory
Tue Sep 15 15:01:17 2020: Taskmasterd is now running.
Tue Sep 15 15:01:17 2020: BIND
Tue Sep 15 15:01:17 2020: No such file or directory
Tue Sep 15 15:01:18 2020: Taskmasterd is now running.
Tue Sep 15 15:01:18 2020: BIND
Tue Sep 15 15:01:18 2020: No such file or directory
Tue Sep 15 15:01:19 2020: Taskmasterd is now running.
Tue Sep 15 15:01:19 2020: BIND
Tue Sep 15 15:01:19 2020: No such file or directory
Tue Sep 15 15:01:21 2020: Taskmasterd is now running.
Tue Sep 15 15:01:21 2020: BIND
Tue Sep 15 15:01:21 2020: No such file or directory
Tue Sep 15 15:01:29 2020: Taskmasterd is now running.
Tue Sep 15 15:01:29 2020: BIND
Tue Sep 15 15:01:29 2020: No such file or directory
Tue Sep 15 15:01:30 2020: Taskmasterd is now running.
Tue Sep 15 15:01:30 2020: BIND
Tue Sep 15 15:01:30 2020: No such file or directory
Tue Sep 15 15:01:32 2020: Taskmasterd is now running.
Tue Sep 15 15:01:32 2020: BIND
Tue Sep 15 15:01:32 2020: No such file or directory
Tue Sep 15 15:01:37 2020: Taskmasterd is now running.
Tue Sep 15 15:01:37 2020: BIND
Tue Sep 15 15:01:37 2020: No such file or directory
Tue Sep 15 15:02:25 2020: Taskmasterd is now running.
Tue Sep 15 15:02:25 2020: BIND
Tue Sep 15 15:02:25 2020: No such file or directory
Tue Sep 15 15:02:26 2020: Taskmasterd is now running.
Tue Sep 15 15:02:26 2020: BIND
Tue Sep 15 15:02:26 2020: No such file or directory
Tue Sep 15 15:07:56 2020: Taskmasterd is now running.
Tue Sep 15 15:07:56 2020: BIND
Tue Sep 15 15:07:56 2020: No such file or directory
Tue Sep 15 15:07:59 2020: Taskmasterd is now running.
Tue Sep 15 15:07:59 2020: BIND
Tue Sep 15 15:07:59 2020: No such file or directory
Tue Sep 15 15:08:00 2020: Taskmasterd is now running.
Tue Sep 15 15:08:00 2020: BIND
Tue Sep 15 15:08:00 2020: No such file or directory
Tue Sep 15 15:08:03 2020: Taskmasterd is now running.
Tue Sep 15 15:08:03 2020: BIND
Tue Sep 15 15:08:03 2020: No such file or directory
Tue Sep 15 15:08:38 2020: Taskmasterd is now running.
Tue Sep 15 15:08:38 2020: HERE
Tue Sep 15 15:08:38 2020: BIND
Tue Sep 15 15:08:38 2020: No such file or directory
Tue Sep 15 15:08:39 2020: Taskmasterd is now running.
Tue Sep 15 15:08:39 2020: HERE
Tue Sep 15 15:08:39 2020: BIND
Tue Sep 15 15:08:39 2020: No such file or directory
Tue Sep 15 15:08:41 2020: Taskmasterd is now running.
Tue Sep 15 15:08:41 2020: HERE
Tue Sep 15 15:08:41 2020: BIND
Tue Sep 15 15:08:41 2020: No such file or directory
Tue Sep 15 15:08:41 2020: Taskmasterd is now running.
Tue Sep 15 15:08:41 2020: HERE
Tue Sep 15 15:08:41 2020: BIND
Tue Sep 15 15:08:41 2020: No such file or directory
Tue Sep 15 15:08:41 2020: Taskmasterd is now running.
Tue Sep 15 15:08:41 2020: HERE
Tue Sep 15 15:08:41 2020: BIND
Tue Sep 15 15:08:41 2020: No such file or directory
Tue Sep 15 15:08:42 2020: Taskmasterd is now running.
Tue Sep 15 15:08:42 2020: HERE
Tue Sep 15 15:08:42 2020: BIND
Tue Sep 15 15:08:42 2020: No such file or directory
Tue Sep 15 15:08:42 2020: Taskmasterd is now running.
Tue Sep 15 15:08:42 2020: HERE
Tue Sep 15 15:08:42 2020: BIND
Tue Sep 15 15:08:42 2020: No such file or directory
Tue Sep 15 15:08:43 2020: Taskmasterd is now running.
Tue Sep 15 15:08:43 2020: HERE
Tue Sep 15 15:08:43 2020: BIND
Tue Sep 15 15:08:43 2020: No such file or directory
Tue Sep 15 15:08:44 2020: Taskmasterd is now running.
Tue Sep 15 15:08:44 2020: HERE
Tue Sep 15 15:08:44 2020: BIND
Tue Sep 15 15:08:44 2020: No such file or directory
Tue Sep 15 15:17:17 2020: Taskmasterd is now running.
Tue Sep 15 15:17:17 2020: HERE
Tue Sep 15 15:17:17 2020: BIND
Tue Sep 15 15:17:17 2020: No such file or directory
Tue Sep 15 15:22:10 2020: Taskmasterd is now running.
Tue Sep 15 15:22:10 2020: HERE
Tue Sep 15 15:22:10 2020: BIND
Tue Sep 15 15:22:10 2020: No such file or directory
Tue Sep 15 15:22:12 2020: Taskmasterd is now running.
Tue Sep 15 15:22:12 2020: HERE
Tue Sep 15 15:22:12 2020: BIND
Tue Sep 15 15:22:12 2020: No such file or directory
Tue Sep 15 15:22:15 2020: Taskmasterd is now running.
Tue Sep 15 15:22:15 2020: HERE
Tue Sep 15 15:22:15 2020: BIND
Tue Sep 15 15:22:15 2020: No such file or directory
Tue Sep 15 15:22:16 2020: Taskmasterd is now running.
Tue Sep 15 15:22:16 2020: HERE
Tue Sep 15 15:22:16 2020: BIND
Tue Sep 15 15:22:16 2020: No such file or directory
Tue Sep 15 15:22:17 2020: Taskmasterd is now running.
Tue Sep 15 15:22:17 2020: HERE
Tue Sep 15 15:22:17 2020: BIND
Tue Sep 15 15:22:17 2020: No such file or directory
Tue Sep 15 15:22:18 2020: Taskmasterd is now running.
Tue Sep 15 15:22:18 2020: HERE
Tue Sep 15 15:22:18 2020: BIND
Tue Sep 15 15:22:18 2020: No such file or directory
Tue Sep 15 15:22:18 2020: Taskmasterd is now running.
Tue Sep 15 15:22:18 2020: HERE
Tue Sep 15 15:22:18 2020: BIND
Tue Sep 15 15:22:18 2020: No such file or directory
Tue Sep 15 15:22:19 2020: Taskmasterd is now running.
Tue Sep 15 15:22:19 2020: HERE
Tue Sep 15 15:22:19 2020: BIND
Tue Sep 15 15:22:19 2020: No such file or directory
Tue Sep 15 15:22:19 2020: Taskmasterd is now running.
Tue Sep 15 15:22:19 2020: HERE
Tue Sep 15 15:22:19 2020: BIND
Tue Sep 15 15:22:19 2020: No such file or directory
Tue Sep 15 15:22:20 2020: Taskmasterd is now running.
Tue Sep 15 15:22:20 2020: HERE
Tue Sep 15 15:22:20 2020: BIND
Tue Sep 15 15:22:20 2020: No such file or directory
Tue Sep 15 15:22:20 2020: Taskmasterd is now running.
Tue Sep 15 15:22:20 2020: HERE
Tue Sep 15 15:22:20 2020: BIND
Tue Sep 15 15:22:20 2020: No such file or directory
Tue Sep 15 15:22:21 2020: Taskmasterd is now running.
Tue Sep 15 15:22:21 2020: HERE
Tue Sep 15 15:22:21 2020: BIND
Tue Sep 15 15:22:21 2020: No such file or directory
Tue Sep 15 15:22:35 2020: Taskmasterd is now running.
Tue Sep 15 15:22:35 2020: HERE
Tue Sep 15 15:22:35 2020: BIND
Tue Sep 15 15:22:35 2020: No such file or directory
Tue Sep 15 15:22:46 2020: Taskmasterd is now running.
Tue Sep 15 15:22:46 2020: HERE
Tue Sep 15 15:22:46 2020: BIND
Tue Sep 15 15:22:46 2020: No such file or directory
Tue Sep 15 15:22:49 2020: Taskmasterd is now running.
Tue Sep 15 15:22:49 2020: HERE
Tue Sep 15 15:22:49 2020: BIND
Tue Sep 15 15:22:49 2020: No such file or directory
Tue Sep 15 15:22:50 2020: Taskmasterd is now running.
Tue Sep 15 15:22:50 2020: HERE
Tue Sep 15 15:22:50 2020: BIND
Tue Sep 15 15:22:50 2020: No such file or directory
Tue Sep 15 15:22:51 2020: Taskmasterd is now running.
Tue Sep 15 15:22:51 2020: HERE
Tue Sep 15 15:22:51 2020: BIND
Tue Sep 15 15:22:51 2020: No such file or directory
Tue Sep 15 15:22:53 2020: Taskmasterd is now running.
Tue Sep 15 15:22:53 2020: HERE
Tue Sep 15 15:22:53 2020: BIND
Tue Sep 15 15:22:53 2020: No such file or directory
Tue Sep 15 15:22:54 2020: Taskmasterd is now running.
Tue Sep 15 15:22:54 2020: HERE
Tue Sep 15 15:22:54 2020: BIND
Tue Sep 15 15:22:54 2020: No such file or directory
Tue Sep 15 15:22:58 2020: Taskmasterd is now running.
Tue Sep 15 15:22:58 2020: HERE
Tue Sep 15 15:22:58 2020: BIND
Tue Sep 15 15:22:58 2020: No such file or directory
Tue Sep 15 15:22:59 2020: Taskmasterd is now running.
Tue Sep 15 15:22:59 2020: HERE
Tue Sep 15 15:22:59 2020: BIND
Tue Sep 15 15:22:59 2020: No such file or directory
Tue Sep 15 15:23:00 2020: Taskmasterd is now running.
Tue Sep 15 15:23:00 2020: HERE
Tue Sep 15 15:23:00 2020: BIND
Tue Sep 15 15:23:00 2020: No such file or directory
Tue Sep 15 15:23:01 2020: Taskmasterd is now running.
Tue Sep 15 15:23:01 2020: HERE
Tue Sep 15 15:23:01 2020: BIND
Tue Sep 15 15:23:01 2020: No such file or directory
Tue Sep 15 15:23:02 2020: Taskmasterd is now running.
Tue Sep 15 15:23:02 2020: HERE
Tue Sep 15 15:23:02 2020: BIND
Tue Sep 15 15:23:02 2020: No such file or directory
Tue Sep 15 15:23:03 2020: Taskmasterd is now running.
Tue Sep 15 15:23:03 2020: HERE
Tue Sep 15 15:23:03 2020: BIND
Tue Sep 15 15:23:03 2020: No such file or directory
Tue Sep 15 15:23:05 2020: Taskmasterd is now running.
Tue Sep 15 15:23:05 2020: HERE
Tue Sep 15 15:23:05 2020: BIND
Tue Sep 15 15:23:05 2020: No such file or directory
Tue Sep 15 15:23:24 2020: Taskmasterd is now running.
Tue Sep 15 15:23:24 2020: HERE
Tue Sep 15 15:23:24 2020: BIND
Tue Sep 15 15:23:24 2020: No such file or directory
Tue Sep 15 15:23:34 2020: Taskmasterd is now running.
Tue Sep 15 15:23:34 2020: HERE
Tue Sep 15 15:23:34 2020: BIND
Tue Sep 15 15:23:34 2020: No such file or directory
Tue Sep 15 15:23:36 2020: Taskmasterd is now running.
Tue Sep 15 15:23:36 2020: HERE
Tue Sep 15 15:23:36 2020: BIND
Tue Sep 15 15:23:36 2020: No such file or directory
Tue Sep 15 15:23:43 2020: Taskmasterd is now running.
Tue Sep 15 15:23:43 2020: HERE
Tue Sep 15 15:23:43 2020: BIND
Tue Sep 15 15:23:43 2020: No such file or directory
Tue Sep 15 15:23:44 2020: Taskmasterd is now running.
Tue Sep 15 15:23:44 2020: HERE
Tue Sep 15 15:23:44 2020: BIND
Tue Sep 15 15:23:44 2020: No such file or directory
Tue Sep 15 15:23:44 2020: Taskmasterd is now running.
Tue Sep 15 15:23:44 2020: HERE
Tue Sep 15 15:23:44 2020: BIND
Tue Sep 15 15:23:44 2020: No such file or directory
Tue Sep 15 15:23:44 2020: Taskmasterd is now running.
Tue Sep 15 15:23:44 2020: HERE
Tue Sep 15 15:23:44 2020: BIND
Tue Sep 15 15:23:44 2020: No such file or directory
Tue Sep 15 15:23:45 2020: Taskmasterd is now running.
Tue Sep 15 15:23:45 2020: HERE
Tue Sep 15 15:23:45 2020: BIND
Tue Sep 15 15:23:45 2020: No such file or directory
Tue Sep 15 15:23:45 2020: Taskmasterd is now running.
Tue Sep 15 15:23:45 2020: HERE
Tue Sep 15 15:23:45 2020: BIND
Tue Sep 15 15:23:45 2020: No such file or directory
Tue Sep 15 15:23:45 2020: Taskmasterd is now running.
Tue Sep 15 15:23:45 2020: HERE
Tue Sep 15 15:23:45 2020: BIND
Tue Sep 15 15:23:45 2020: No such file or directory
Tue Sep 15 15:23:46 2020: Taskmasterd is now running.
Tue Sep 15 15:23:46 2020: HERE
Tue Sep 15 15:23:46 2020: BIND
Tue Sep 15 15:23:46 2020: No such file or directory
Tue Sep 15 15:23:46 2020: Taskmasterd is now running.
Tue Sep 15 15:23:46 2020: HERE
Tue Sep 15 15:23:46 2020: BIND
Tue Sep 15 15:23:46 2020: No such file or directory
Tue Sep 15 15:23:46 2020: Taskmasterd is now running.
Tue Sep 15 15:23:46 2020: HERE
Tue Sep 15 15:23:46 2020: BIND
Tue Sep 15 15:23:46 2020: No such file or directory
Tue Sep 15 15:23:47 2020: Taskmasterd is now running.
Tue Sep 15 15:23:47 2020: HERE
Tue Sep 15 15:23:47 2020: BIND
Tue Sep 15 15:23:47 2020: No such file or directory
Tue Sep 15 15:23:48 2020: Taskmasterd is now running.
Tue Sep 15 15:23:48 2020: HERE
Tue Sep 15 15:23:48 2020: BIND
Tue Sep 15 15:23:48 2020: No such file or directory
Tue Sep 15 15:23:51 2020: Taskmasterd is now running.
Tue Sep 15 15:23:51 2020: HERE
Tue Sep 15 15:23:51 2020: BIND
Tue Sep 15 15:23:51 2020: No such file or directory
Tue Sep 15 15:23:52 2020: Taskmasterd is now running.
Tue Sep 15 15:23:52 2020: HERE
Tue Sep 15 15:23:52 2020: BIND
Tue Sep 15 15:23:52 2020: No such file or directory
Tue Sep 15 15:23:53 2020: Taskmasterd is now running.
Tue Sep 15 15:23:53 2020: HERE
Tue Sep 15 15:23:53 2020: BIND
Tue Sep 15 15:23:53 2020: No such file or directory
Tue Sep 15 15:23:53 2020: Taskmasterd is now running.
Tue Sep 15 15:23:53 2020: HERE
Tue Sep 15 15:23:53 2020: BIND
Tue Sep 15 15:23:53 2020: No such file or directory
Tue Sep 15 15:23:53 2020: Taskmasterd is now running.
Tue Sep 15 15:23:53 2020: HERE
Tue Sep 15 15:23:53 2020: BIND
Tue Sep 15 15:23:53 2020: No such file or directory
Tue Sep 15 15:23:54 2020: Taskmasterd is now running.
Tue Sep 15 15:23:54 2020: HERE
Tue Sep 15 15:23:54 2020: BIND
Tue Sep 15 15:23:54 2020: No such file or directory
Tue Sep 15 15:23:54 2020: Taskmasterd is now running.
Tue Sep 15 15:23:54 2020: HERE
Tue Sep 15 15:23:54 2020: BIND
Tue Sep 15 15:23:54 2020: No such file or directory
Tue Sep 15 15:23:54 2020: Taskmasterd is now running.
Tue Sep 15 15:23:54 2020: HERE
Tue Sep 15 15:23:54 2020: BIND
Tue Sep 15 15:23:54 2020: No such file or directory
Tue Sep 15 15:23:55 2020: Taskmasterd is now running.
Tue Sep 15 15:23:55 2020: HERE
Tue Sep 15 15:23:55 2020: BIND
Tue Sep 15 15:23:55 2020: No such file or directory
Tue Sep 15 15:23:56 2020: Taskmasterd is now running.
Tue Sep 15 15:23:56 2020: HERE
Tue Sep 15 15:23:56 2020: BIND
Tue Sep 15 15:23:56 2020: No such file or directory
Tue Sep 15 15:23:56 2020: Taskmasterd is now running.
Tue Sep 15 15:23:56 2020: HERE
Tue Sep 15 15:23:56 2020: BIND
Tue Sep 15 15:23:56 2020: No such file or directory
Tue Sep 15 15:23:57 2020: Taskmasterd is now running.
Tue Sep 15 15:23:57 2020: HERE
Tue Sep 15 15:23:57 2020: BIND
Tue Sep 15 15:23:57 2020: No such file or directory
Tue Sep 15 15:23:57 2020: Taskmasterd is now running.
Tue Sep 15 15:23:57 2020: HERE
Tue Sep 15 15:23:57 2020: BIND
Tue Sep 15 15:23:57 2020: No such file or directory
Tue Sep 15 15:23:57 2020: Taskmasterd is now running.
Tue Sep 15 15:23:57 2020: HERE
Tue Sep 15 15:23:57 2020: BIND
Tue Sep 15 15:23:57 2020: No such file or directory
Tue Sep 15 15:23:58 2020: Taskmasterd is now running.
Tue Sep 15 15:23:58 2020: HERE
Tue Sep 15 15:23:58 2020: BIND
Tue Sep 15 15:23:58 2020: No such file or directory
Tue Sep 15 15:23:59 2020: Taskmasterd is now running.
Tue Sep 15 15:23:59 2020: HERE
Tue Sep 15 15:23:59 2020: BIND
Tue Sep 15 15:23:59 2020: No such file or directory
Tue Sep 15 15:24:01 2020: Taskmasterd is now running.
Tue Sep 15 15:24:01 2020: HERE
Tue Sep 15 15:24:01 2020: BIND
Tue Sep 15 15:24:01 2020: No such file or directory
Tue Sep 15 15:24:03 2020: Taskmasterd is now running.
Tue Sep 15 15:24:03 2020: HERE
Tue Sep 15 15:24:03 2020: BIND
Tue Sep 15 15:24:03 2020: No such file or directory
Tue Sep 15 15:24:05 2020: Taskmasterd is now running.
Tue Sep 15 15:24:05 2020: HERE
Tue Sep 15 15:24:05 2020: BIND
Tue Sep 15 15:24:05 2020: No such file or directory
Tue Sep 15 15:24:07 2020: Taskmasterd is now running.
Tue Sep 15 15:24:07 2020: HERE
Tue Sep 15 15:24:07 2020: BIND
Tue Sep 15 15:24:07 2020: No such file or directory
Tue Sep 15 15:24:10 2020: Taskmasterd is now running.
Tue Sep 15 15:24:10 2020: HERE
Tue Sep 15 15:24:10 2020: BIND
Tue Sep 15 15:24:10 2020: No such file or directory
Tue Sep 15 15:24:12 2020: Taskmasterd is now running.
Tue Sep 15 15:24:12 2020: HERE
Tue Sep 15 15:24:12 2020: BIND
Tue Sep 15 15:24:12 2020: No such file or directory
Tue Sep 15 15:24:15 2020: Taskmasterd is now running.
Tue Sep 15 15:24:15 2020: HERE
Tue Sep 15 15:24:15 2020: BIND
Tue Sep 15 15:24:15 2020: No such file or directory
Tue Sep 15 15:24:24 2020: Taskmasterd is now running.
Tue Sep 15 15:24:24 2020: HERE
Tue Sep 15 15:24:24 2020: BIND
Tue Sep 15 15:24:24 2020: No such file or directory
Tue Sep 15 15:24:26 2020: Taskmasterd is now running.
Tue Sep 15 15:24:26 2020: HERE
Tue Sep 15 15:24:26 2020: BIND
Tue Sep 15 15:24:26 2020: No such file or directory
Tue Sep 15 15:24:29 2020: Taskmasterd is now running.
Tue Sep 15 15:24:29 2020: HERE
Tue Sep 15 15:24:29 2020: BIND
Tue Sep 15 15:24:29 2020: No such file or directory
Tue Sep 15 15:24:30 2020: Taskmasterd is now running.
Tue Sep 15 15:24:30 2020: HERE
Tue Sep 15 15:24:30 2020: BIND
Tue Sep 15 15:24:30 2020: No such file or directory
Tue Sep 15 15:24:32 2020: Taskmasterd is now running.
Tue Sep 15 15:24:32 2020: HERE
Tue Sep 15 15:24:32 2020: BIND
Tue Sep 15 15:24:32 2020: No such file or directory
Tue Sep 15 15:24:34 2020: Taskmasterd is now running.
Tue Sep 15 15:24:34 2020: HERE
Tue Sep 15 15:24:34 2020: BIND
Tue Sep 15 15:24:34 2020: No such file or directory
Tue Sep 15 15:24:35 2020: Taskmasterd is now running.
Tue Sep 15 15:24:35 2020: HERE
Tue Sep 15 15:24:35 2020: BIND
Tue Sep 15 15:24:35 2020: No such file or directory
Tue Sep 15 15:24:36 2020: Taskmasterd is now running.
Tue Sep 15 15:24:36 2020: HERE
Tue Sep 15 15:24:36 2020: BIND
Tue Sep 15 15:24:36 2020: No such file or directory
Tue Sep 15 15:24:36 2020: Taskmasterd is now running.
Tue Sep 15 15:24:36 2020: HERE
Tue Sep 15 15:24:36 2020: BIND
Tue Sep 15 15:24:36 2020: No such file or directory
Tue Sep 15 15:24:38 2020: Taskmasterd is now running.
Tue Sep 15 15:24:38 2020: HERE
Tue Sep 15 15:24:38 2020: BIND
Tue Sep 15 15:24:38 2020: No such file or directory
Tue Sep 15 15:24:39 2020: Taskmasterd is now running.
Tue Sep 15 15:24:39 2020: HERE
Tue Sep 15 15:24:39 2020: BIND
Tue Sep 15 15:24:39 2020: No such file or directory
Tue Sep 15 15:25:19 2020: Taskmasterd is now running.
Tue Sep 15 15:25:19 2020: HERE
Tue Sep 15 15:25:19 2020: BIND
Tue Sep 15 15:25:19 2020: No such file or directory
Tue Sep 15 15:25:21 2020: Taskmasterd is now running.
Tue Sep 15 15:25:21 2020: HERE
Tue Sep 15 15:25:21 2020: BIND
Tue Sep 15 15:25:21 2020: No such file or directory
Tue Sep 15 15:27:49 2020: Taskmasterd is now running.
Tue Sep 15 15:27:49 2020: HERE
Tue Sep 15 15:27:49 2020: BIND
Tue Sep 15 15:27:49 2020: No such file or directory
Tue Sep 15 15:28:43 2020: Taskmasterd is now running.
Tue Sep 15 15:29:05 2020: Taskmasterd is now running.
Tue Sep 15 15:30:17 2020: HERE
Tue Sep 15 15:30:18 2020: BIND
Tue Sep 15 15:30:20 2020: No such file or directory
Tue Sep 15 15:31:25 2020: Taskmasterd is now running.
Tue Sep 15 15:32:29 2020: HERE
Tue Sep 15 15:34:39 2020: Taskmasterd is now running.
Tue Sep 15 15:35:02 2020: HERE
Tue Sep 15 15:35:05 2020: BIND
Tue Sep 15 15:36:22 2020: No such file or directory
Tue Sep 15 15:41:45 2020: Taskmasterd is now running.
Tue Sep 15 15:56:06 2020: Taskmasterd is now running.
Tue Sep 15 15:56:06 2020: Socket is now up and running
Tue Sep 15 15:56:06 2020: Taskmasterd is logging out.
Tue Sep 15 15:56:11 2020: Taskmasterd is now running.
Tue Sep 15 15:56:11 2020: HERE
Tue Sep 15 15:56:11 2020: BIND
Tue Sep 15 15:56:11 2020: Bad file descriptor
Tue Sep 15 15:56:15 2020: Taskmasterd is now running.
Tue Sep 15 15:56:15 2020: HERE
Tue Sep 15 15:56:15 2020: BIND
Tue Sep 15 15:56:15 2020: Bad file descriptor
Tue Sep 15 15:56:22 2020: Taskmasterd is now running.
Tue Sep 15 15:56:22 2020: HERE
Tue Sep 15 15:56:22 2020: BIND
Tue Sep 15 15:56:22 2020: Bad file descriptor
Tue Sep 15 15:57:27 2020: Taskmasterd is now running.
Tue Sep 15 15:57:27 2020: HERE
Tue Sep 15 15:57:27 2020: BIND
Tue Sep 15 15:57:27 2020: Bad file descriptor
Tue Sep 15 15:57:28 2020: Taskmasterd is now running.
Tue Sep 15 15:57:28 2020: HERE
Tue Sep 15 15:57:28 2020: BIND
Tue Sep 15 15:57:28 2020: Bad file descriptor
Tue Sep 15 15:57:29 2020: Taskmasterd is now running.
Tue Sep 15 15:57:29 2020: HERE
Tue Sep 15 15:57:29 2020: BIND
Tue Sep 15 15:57:29 2020: Bad file descriptor
Tue Sep 15 15:57:29 2020: Taskmasterd is now running.
Tue Sep 15 15:57:29 2020: HERE
Tue Sep 15 15:57:29 2020: BIND
Tue Sep 15 15:57:29 2020: Bad file descriptor
Tue Sep 15 15:57:30 2020: Taskmasterd is now running.
Tue Sep 15 15:57:30 2020: HERE
Tue Sep 15 15:57:30 2020: BIND
Tue Sep 15 15:57:30 2020: Bad file descriptor
Tue Sep 15 15:57:30 2020: Taskmasterd is now running.
Tue Sep 15 15:57:30 2020: HERE
Tue Sep 15 15:57:30 2020: BIND
Tue Sep 15 15:57:30 2020: Bad file descriptor
Tue Sep 15 15:57:32 2020: Taskmasterd is now running.
Tue Sep 15 15:57:32 2020: HERE
Tue Sep 15 15:57:32 2020: BIND
Tue Sep 15 15:57:32 2020: Bad file descriptor
Tue Sep 15 15:57:34 2020: Taskmasterd is now running.
Tue Sep 15 15:57:34 2020: HERE
Tue Sep 15 15:57:34 2020: BIND
Tue Sep 15 15:57:34 2020: Bad file descriptor
Tue Sep 15 15:57:51 2020: Taskmasterd is now running.
Tue Sep 15 15:57:51 2020: HERE
Tue Sep 15 15:57:51 2020: BIND
Tue Sep 15 15:57:51 2020: Bad file descriptor
Tue Sep 15 15:57:52 2020: Taskmasterd is now running.
Tue Sep 15 15:57:52 2020: HERE
Tue Sep 15 15:57:52 2020: BIND
Tue Sep 15 15:57:52 2020: Bad file descriptor
Tue Sep 15 16:04:39 2020: Taskmasterd is now running.
Tue Sep 15 16:04:39 2020: Socket is now up and running
Tue Sep 15 16:04:39 2020: Taskmasterd is logging out.
Tue Sep 15 16:04:43 2020: Taskmasterd is now running.
Tue Sep 15 16:04:43 2020: HERE
Tue Sep 15 16:04:43 2020: BIND
Tue Sep 15 16:04:43 2020: Bad file descriptor
Tue Sep 15 16:04:45 2020: Taskmasterd is now running.
Tue Sep 15 16:04:45 2020: HERE
Tue Sep 15 16:04:45 2020: BIND
Tue Sep 15 16:04:45 2020: Bad file descriptor
Tue Sep 15 16:06:38 2020: Taskmasterd is now running.
Tue Sep 15 16:06:38 2020: Socket is now up and running
Tue Sep 15 16:06:38 2020: Taskmasterd is logging out.
Tue Sep 15 16:06:39 2020: Taskmasterd is now running.
Tue Sep 15 16:06:39 2020: HERE
Tue Sep 15 16:06:39 2020: BIND
Tue Sep 15 16:06:39 2020: Bad file descriptor
Tue Sep 15 16:06:41 2020: Taskmasterd is now running.
Tue Sep 15 16:06:41 2020: HERE
Tue Sep 15 16:06:41 2020: BIND
Tue Sep 15 16:06:41 2020: Bad file descriptor
Tue Sep 15 16:08:41 2020: Taskmasterd is now running.
Tue Sep 15 16:08:41 2020: Socket is now up and running
Tue Sep 15 16:08:41 2020: Taskmasterd is logging out.
Tue Sep 15 16:08:42 2020: Taskmasterd is now running.
Tue Sep 15 16:08:42 2020: HERE
Tue Sep 15 16:08:42 2020: BIND
Tue Sep 15 16:08:42 2020: Bad file descriptor
Tue Sep 15 16:08:44 2020: Taskmasterd is now running.
Tue Sep 15 16:08:44 2020: HERE
Tue Sep 15 16:08:44 2020: BIND
Tue Sep 15 16:08:44 2020: Bad file descriptor
Tue Sep 15 16:08:45 2020: Taskmasterd is now running.
Tue Sep 15 16:08:45 2020: HERE
Tue Sep 15 16:08:45 2020: BIND
Tue Sep 15 16:08:45 2020: Bad file descriptor
Tue Sep 15 16:08:50 2020: Taskmasterd is now running.
Tue Sep 15 16:08:50 2020: HERE
Tue Sep 15 16:08:50 2020: BIND
Tue Sep 15 16:08:50 2020: Bad file descriptor
Tue Sep 15 16:08:54 2020: Taskmasterd is now running.
Tue Sep 15 16:08:54 2020: HERE
Tue Sep 15 16:08:54 2020: BIND
Tue Sep 15 16:08:54 2020: Bad file descriptor
Tue Sep 15 16:08:55 2020: Taskmasterd is now running.
Tue Sep 15 16:08:55 2020: HERE
Tue Sep 15 16:08:55 2020: BIND
Tue Sep 15 16:08:55 2020: Bad file descriptor
Tue Sep 15 16:08:55 2020: Taskmasterd is now running.
Tue Sep 15 16:08:55 2020: HERE
Tue Sep 15 16:08:55 2020: BIND
Tue Sep 15 16:08:55 2020: Bad file descriptor
Tue Sep 15 16:08:57 2020: Taskmasterd is now running.
Tue Sep 15 16:08:57 2020: HERE
Tue Sep 15 16:08:57 2020: BIND
Tue Sep 15 16:08:57 2020: Bad file descriptor
Tue Sep 15 16:12:33 2020: Taskmasterd is now running.
Tue Sep 15 16:12:33 2020: Socket is now up and running
Tue Sep 15 16:12:33 2020: Taskmasterd is logging out.
Tue Sep 15 16:12:34 2020: Taskmasterd is now running.
Tue Sep 15 16:12:34 2020: HERE
Tue Sep 15 16:12:34 2020: BIND
Tue Sep 15 16:12:34 2020: Bad file descriptor
Tue Sep 15 16:12:35 2020: Taskmasterd is now running.
Tue Sep 15 16:12:35 2020: HERE
Tue Sep 15 16:12:35 2020: BIND
Tue Sep 15 16:12:35 2020: Bad file descriptor
Tue Sep 15 16:12:37 2020: Taskmasterd is now running.
Tue Sep 15 16:12:37 2020: HERE
Tue Sep 15 16:12:37 2020: BIND
Tue Sep 15 16:12:37 2020: Bad file descriptor
Tue Sep 15 16:12:39 2020: Taskmasterd is now running.
Tue Sep 15 16:12:39 2020: HERE
Tue Sep 15 16:12:39 2020: BIND
Tue Sep 15 16:12:39 2020: Bad file descriptor
Tue Sep 15 16:12:40 2020: Taskmasterd is now running.
Tue Sep 15 16:12:40 2020: HERE
Tue Sep 15 16:12:40 2020: BIND
Tue Sep 15 16:12:40 2020: Bad file descriptor
Tue Sep 15 16:43:13 2020: Taskmasterd is now running.
Tue Sep 15 16:43:13 2020: Socket is now up and running
Tue Sep 15 16:43:13 2020: Taskmasterd is logging out.
Tue Sep 15 16:43:15 2020: Taskmasterd is now running.
Tue Sep 15 16:43:15 2020: HERE
Tue Sep 15 16:43:15 2020: BIND
Tue Sep 15 16:43:15 2020: Unlinking existing socket
Tue Sep 15 16:43:15 2020: rebind socket failed
Tue Sep 15 16:43:26 2020: Taskmasterd is now running.
Tue Sep 15 16:43:26 2020: HERE
Tue Sep 15 16:43:26 2020: BIND
Tue Sep 15 16:43:26 2020: Unlinking existing socket
Tue Sep 15 16:43:26 2020: rebind socket failed
Tue Sep 15 16:43:27 2020: Taskmasterd is now running.
Tue Sep 15 16:43:27 2020: HERE
Tue Sep 15 16:43:27 2020: BIND
Tue Sep 15 16:43:27 2020: Unlinking existing socket
Tue Sep 15 16:43:27 2020: rebind socket failed
Tue Sep 15 16:43:30 2020: Taskmasterd is now running.
Tue Sep 15 16:43:30 2020: HERE
Tue Sep 15 16:43:30 2020: BIND
Tue Sep 15 16:43:30 2020: Unlinking existing socket
Tue Sep 15 16:43:30 2020: rebind socket failed
Tue Sep 15 16:43:37 2020: Taskmasterd is now running.
Tue Sep 15 16:43:37 2020: HERE
Tue Sep 15 16:43:37 2020: BIND
Tue Sep 15 16:43:37 2020: Unlinking existing socket
Tue Sep 15 16:43:37 2020: rebind socket failed
Tue Sep 15 16:43:39 2020: Taskmasterd is now running.
Tue Sep 15 16:43:39 2020: HERE
Tue Sep 15 16:43:39 2020: BIND
Tue Sep 15 16:43:39 2020: Unlinking existing socket
Tue Sep 15 16:43:39 2020: rebind socket failed
Tue Sep 15 16:43:56 2020: Taskmasterd is now running.
Tue Sep 15 16:43:56 2020: HERE
Tue Sep 15 16:43:56 2020: BIND
Tue Sep 15 16:43:56 2020: Unlinking existing socket
Tue Sep 15 16:43:56 2020: rebind socket failed
Tue Sep 15 16:43:57 2020: Taskmasterd is now running.
Tue Sep 15 16:43:57 2020: HERE
Tue Sep 15 16:43:57 2020: BIND
Tue Sep 15 16:43:57 2020: Unlinking existing socket
Tue Sep 15 16:43:57 2020: rebind socket failed
Tue Sep 15 16:44:01 2020: Taskmasterd is now running.
Tue Sep 15 16:44:01 2020: Socket is now up and running
Tue Sep 15 16:44:01 2020: Taskmasterd is logging out.
Tue Sep 15 16:44:14 2020: Taskmasterd is now running.
Tue Sep 15 16:44:14 2020: HERE
Tue Sep 15 16:44:14 2020: BIND
Tue Sep 15 16:44:14 2020: Unlinking existing socket
Tue Sep 15 16:44:14 2020: rebind socket failed
Tue Sep 15 16:44:17 2020: Taskmasterd is now running.
Tue Sep 15 16:44:17 2020: HERE
Tue Sep 15 16:44:17 2020: BIND
Tue Sep 15 16:44:17 2020: Unlinking existing socket
Tue Sep 15 16:44:17 2020: rebind socket failed
Tue Sep 15 16:44:41 2020: Taskmasterd is now running.
Tue Sep 15 16:44:41 2020: Socket is now up and running
Tue Sep 15 16:44:41 2020: Taskmasterd is logging out.
Tue Sep 15 16:44:42 2020: Taskmasterd is now running.
Tue Sep 15 16:44:42 2020: HERE
Tue Sep 15 16:44:42 2020: BIND
Tue Sep 15 16:44:42 2020: Unlinking existing socket
Tue Sep 15 16:44:42 2020: rebind socket failed
Tue Sep 15 16:44:45 2020: Taskmasterd is now running.
Tue Sep 15 16:44:45 2020: HERE
Tue Sep 15 16:44:45 2020: BIND
Tue Sep 15 16:44:45 2020: Unlinking existing socket
Tue Sep 15 16:44:45 2020: rebind socket failed
Tue Sep 15 16:44:46 2020: Taskmasterd is now running.
Tue Sep 15 16:44:46 2020: HERE
Tue Sep 15 16:44:46 2020: BIND
Tue Sep 15 16:44:46 2020: Unlinking existing socket
Tue Sep 15 16:44:46 2020: rebind socket failed
Tue Sep 15 16:55:21 2020: Taskmasterd is now running.
Tue Sep 15 16:55:21 2020: Socket is now up and running
Tue Sep 15 16:55:21 2020: Taskmasterd is logging out.
Tue Sep 15 16:55:24 2020: Taskmasterd is now running.
Tue Sep 15 16:55:24 2020: HERE
Tue Sep 15 16:55:24 2020: BIND
Tue Sep 15 16:55:24 2020: Unlinking existing socket
Tue Sep 15 16:55:28 2020: Taskmasterd is now running.
Tue Sep 15 16:55:28 2020: HERE
Tue Sep 15 16:55:28 2020: BIND
Tue Sep 15 16:55:28 2020: Unlinking existing socket
Tue Sep 15 16:58:08 2020: Taskmasterd is now running.
Tue Sep 15 16:58:08 2020: Socket is now up and running
Tue Sep 15 16:58:08 2020: Taskmasterd is logging out.
Tue Sep 15 16:58:09 2020: Taskmasterd is now running.
Tue Sep 15 16:58:09 2020: HERE
Tue Sep 15 16:58:09 2020: BIND
Tue Sep 15 16:58:09 2020: Unlinking existing socket
Tue Sep 15 16:58:17 2020: Taskmasterd is now running.
Tue Sep 15 16:58:17 2020: HERE
Tue Sep 15 16:58:17 2020: BIND
Tue Sep 15 16:58:17 2020: Unlinking existing socket
Tue Sep 15 16:58:54 2020: Taskmasterd is now running.
Tue Sep 15 16:58:54 2020: HERE
Tue Sep 15 16:58:54 2020: BIND
Tue Sep 15 16:58:54 2020: Unlinking existing socket
Tue Sep 15 16:59:09 2020: Taskmasterd is now running.
Tue Sep 15 16:59:09 2020: Socket is now up and running
Tue Sep 15 16:59:09 2020: Taskmasterd is logging out.
Tue Sep 15 16:59:10 2020: Taskmasterd is now running.
Tue Sep 15 16:59:10 2020: HERE
Tue Sep 15 16:59:10 2020: BIND
Tue Sep 15 16:59:10 2020: Unlinking existing socket
Tue Sep 15 16:59:18 2020: Taskmasterd is now running.
Tue Sep 15 16:59:18 2020: HERE
Tue Sep 15 16:59:18 2020: BIND
Tue Sep 15 16:59:18 2020: Unlinking existing socket
Tue Sep 15 16:59:41 2020: Taskmasterd is now running.
Tue Sep 15 16:59:41 2020: HERE
Tue Sep 15 16:59:41 2020: BIND
Tue Sep 15 16:59:41 2020: Unlinking existing socket
Tue Sep 15 16:59:45 2020: Taskmasterd is now running.
Tue Sep 15 16:59:45 2020: Socket is now up and running
Tue Sep 15 16:59:45 2020: Taskmasterd is logging out.
Tue Sep 15 16:59:47 2020: Taskmasterd is now running.
Tue Sep 15 16:59:47 2020: HERE
Tue Sep 15 16:59:47 2020: BIND
Tue Sep 15 16:59:47 2020: Unlinking existing socket
Tue Sep 15 17:00:12 2020: Taskmasterd is now running.
Tue Sep 15 17:00:15 2020: HERE
Tue Sep 15 17:00:16 2020: BIND
Tue Sep 15 17:00:19 2020: Unlinking existing socket
Tue Sep 15 17:01:17 2020: Taskmasterd is now running.
Tue Sep 15 17:01:17 2020: Socket is now up and running
Tue Sep 15 17:01:17 2020: Taskmasterd is logging out.
Tue Sep 15 17:01:20 2020: Taskmasterd is now running.
Tue Sep 15 17:01:20 2020: HERE
Tue Sep 15 17:01:20 2020: BIND
Tue Sep 15 17:01:20 2020: Unlinking existing socket
Tue Sep 15 17:01:20 2020: rebind socket failed
Tue Sep 15 17:02:01 2020: Taskmasterd is now running.
Tue Sep 15 17:02:01 2020: Socket is now up and running
Tue Sep 15 17:02:01 2020: Taskmasterd is logging out.
Tue Sep 15 17:02:03 2020: Taskmasterd is now running.
Tue Sep 15 17:02:03 2020: HERE
Tue Sep 15 17:02:03 2020: BIND
Tue Sep 15 17:02:03 2020: Unlinking existing socket
Tue Sep 15 17:02:03 2020: rebind socket failed
Tue Sep 15 17:02:05 2020: Taskmasterd is now running.
Tue Sep 15 17:02:05 2020: HERE
Tue Sep 15 17:02:05 2020: BIND
Tue Sep 15 17:02:05 2020: Unlinking existing socket
Tue Sep 15 17:02:05 2020: rebind socket failed
Tue Sep 15 17:02:06 2020: Taskmasterd is now running.
Tue Sep 15 17:02:06 2020: HERE
Tue Sep 15 17:02:06 2020: BIND
Tue Sep 15 17:02:06 2020: Unlinking existing socket
Tue Sep 15 17:02:06 2020: rebind socket failed
Tue Sep 15 17:04:17 2020: Taskmasterd is now running.
Tue Sep 15 17:04:17 2020: HERE
Tue Sep 15 17:04:17 2020: BIND
Tue Sep 15 17:04:17 2020: Unlinking existing socket
Tue Sep 15 17:04:17 2020: rebind socket failed
Tue Sep 15 17:04:19 2020: Taskmasterd is now running.
Tue Sep 15 17:04:19 2020: HERE
Tue Sep 15 17:04:19 2020: BIND
Tue Sep 15 17:04:19 2020: Unlinking existing socket
Tue Sep 15 17:04:19 2020: rebind socket failed
Tue Sep 15 17:06:02 2020: Taskmasterd is now running.
Tue Sep 15 17:06:02 2020: HERE
Tue Sep 15 17:06:02 2020: BIND
Tue Sep 15 17:06:02 2020: Unlinking existing socket
Tue Sep 15 17:06:02 2020: rebind socket failed
Tue Sep 15 17:15:24 2020: Taskmasterd is now running.
Tue Sep 15 17:15:24 2020: HERE
Tue Sep 15 17:15:24 2020: BIND
Tue Sep 15 17:15:24 2020: Unlinking existing socket
Tue Sep 15 17:15:24 2020: rebind socket failed
Tue Sep 15 17:15:46 2020: Taskmasterd is now running.
Tue Sep 15 17:18:08 2020: Taskmasterd is now running.
Tue Sep 15 17:18:08 2020: HERE
Tue Sep 15 17:18:08 2020: BIND
Tue Sep 15 17:18:08 2020: Unlinking existing socket
Tue Sep 15 17:18:08 2020: rebind sucessfully
Tue Sep 15 17:18:08 2020: Socket is now up and running
Tue Sep 15 17:18:08 2020: Taskmasterd is logging out.
Tue Sep 15 17:18:13 2020: Taskmasterd is now running.
Tue Sep 15 17:18:13 2020: Socket is now up and running
Tue Sep 15 17:18:13 2020: Taskmasterd is logging out.
Tue Sep 15 17:18:14 2020: Taskmasterd is now running.
Tue Sep 15 17:18:14 2020: Socket is now up and running
Tue Sep 15 17:18:14 2020: Taskmasterd is logging out.
Tue Sep 15 17:18:20 2020: Taskmasterd is now running.
Tue Sep 15 17:18:20 2020: Socket is now up and running
Tue Sep 15 17:18:20 2020: Taskmasterd is logging out.
Tue Sep 15 17:18:20 2020: Taskmasterd is now running.
Tue Sep 15 17:18:20 2020: Socket is now up and running
Tue Sep 15 17:18:20 2020: Taskmasterd is logging out.
Tue Sep 15 18:14:50 2020: Taskmasterd is now running.
Tue Sep 15 18:14:50 2020: Socket is now up and running
Tue Sep 15 18:14:50 2020: Taskmasterd is logging out.
Tue Sep 15 18:15:49 2020: Taskmasterd is now running.
Tue Sep 15 18:15:49 2020: Socket is now up and running
Tue Sep 15 18:15:49 2020: Taskmasterd is logging out.
